[Кирилл]: Привет
[Кирилл]: как дела?
[Клиент]: Привет Ваня
[Клиент]: Как дела настя?
[Вася]: Привет Петя
[Кирилл]: Привет
[Петр]: 1
[Кирилл]: Привет
[Петр]: Привет
[Макс]: Привет Иван Бакуган
[Саша]: Привет настя
[Настя]: аждпъ
[Настя]: Как дела Санька?
[Иван]: Привет
[Даша]: Привет
[Маша]: Как дела Даша?
[Маша]: fgergergergergergerrherhehegrhrerherhehe
[Маша]: капукпруруркркоркеркеркркеркеркркркркркркркр
[Маша]: кпукпукпкпииратепнрьтьнглгньлпноарвервкппыуапыукпвкрворка
[Маша]: кпкыупшлокьтмшкоьызщлаыфоадшырлпшдпрукшдпрцукажцуоащоуауцпоцпшцыукш
[Даша]: вапукпукпукпукпукпрноенолгнлгшдщжшщзжднглокер
[Франц]: Привет
